module.js:339
    throw err;
    ^

Error: Cannot find module '../configs/server.js'
    at Function.Module._resolveFilename (module.js:337:15)
    at Function.Module._load (module.js:287:25)
    at Module.require (module.js:366:17)
    at require (module.js:385:17)
    at C:\Users\vanheemstraw\git\vanHeemstraSystems\applications\application.js:7:11
    at Object.<anonymous> (C:\Users\vanheemstraw\git\vanHeemstraSystems\applications\application.js:14:2)
    at Module._compile (module.js:435:26)
    at Object.Module._extensions..js (module.js:442:10)
    at Module.load (module.js:356:32)
    at Function.Module._load (module.js:311:12)
module.js:339
    throw err;
    ^

Error: Cannot find module 'morgan'
    at Function.Module._resolveFilename (module.js:337:15)
    at Function.Module._load (module.js:287:25)
    at Module.require (module.js:366:17)
    at require (module.js:385:17)
    at Object.<anonymous> (C:\Users\vanheemstraw\git\vanHeemstraSystems\supervisors\applications\application.js:3:14)
    at Module._compile (module.js:435:26)
    at Object.Module._extensions..js (module.js:442:10)
    at Module.load (module.js:356:32)
    at Function.Module._load (module.js:311:12)
    at Function.Module.runMain (module.js:467:10)
Listening on port 5000
